[    0.000000] Initializing cgroup subsys cpuset
[    0.000000] Initializing cgroup subsys cpu
[    0.000000] Initializing cgroup subsys cpuacct
[    0.000000] Linux version 4.4.0-63-generic (buildd@lcy01-31) (gcc version 5.4.0 20160609 (Ubuntu 5.4.0-6ubuntu1~16.04.4) ) #84-Ubuntu SMP Wed Feb 1 17:20:32 UTC 2017 (Ubuntu 4.4.0-63.84-generic 4.4.44)
[    0.000000] Command line: BOOT_IMAGE=/boot/vmlinuz-4.4.0-63-generic root=LABEL=cloudimg-rootfs ro console=tty1 console=ttyS0
[    0.000000] KERNEL supported cpus:
[    0.000000]   Intel GenuineIntel
[    0.000000]   AMD AuthenticAMD
[    0.000000]   Centaur CentaurHauls
[    0.000000] x86/fpu: xstate_offset[2]:  576, xstate_sizes[2]:  256
[    0.000000] x86/fpu: Supporting XSAVE feature 0x01: 'x87 floating point registers'
[    0.000000] x86/fpu: Supporting XSAVE feature 0x02: 'SSE registers'
[    0.000000] x86/fpu: Supporting XSAVE feature 0x04: 'AVX registers'
[    0.000000] x86/fpu: Enabled xstate features 0x7, context size is 832 bytes, using 'standard' format.
[    0.000000] x86/fpu: Using 'lazy' FPU context switches.
[    0.000000] e820: BIOS-provided physical RAM map:
[    0.000000] BIOS-e820: [mem 0x0000000000000000-0x000000000009fbff] usable
[    0.000000] BIOS-e820: [mem 0x000000000009fc00-0x000000000009ffff] reserved
[    0.000000] BIOS-e820: [mem 0x00000000000f0000-0x00000000000fffff] reserved
[    0.000000] BIOS-e820: [mem 0x0000000000100000-0x000000003ffeffff] usable
[    0.000000] BIOS-e820: [mem 0x000000003fff0000-0x000000003fffffff] ACPI data
[    0.000000] BIOS-e820: [mem 0x00000000fec00000-0x00000000fec00fff] reserved
[    0.000000] BIOS-e820: [mem 0x00000000fee00000-0x00000000fee00fff] reserved
[    0.000000] BIOS-e820: [mem 0x00000000fffc0000-0x00000000ffffffff] reserved
[    0.000000] NX (Execute Disable) protection: active
[    0.000000] SMBIOS 2.5 present.
[    0.000000] Hypervisor detected: KVM
[    0.000000] e820: last_pfn = 0x3fff0 max_arch_pfn = 0x400000000
[    0.000000] MTRR: Disabled
[    0.000000] x86/PAT: MTRRs disabled, skipping PAT initialization too.
[    0.000000] x86/PAT: Configuration [0-7]: WB  WT  UC- UC  WB  WT  UC- UC  
[    0.000000] CPU MTRRs all blank - virtualized system.
[    0.000000] found SMP MP-table at [mem 0x0009fff0-0x0009ffff] mapped at [ffff88000009fff0]
[    0.000000] Scanning 1 areas for low memory corruption
[    0.000000] RAMDISK: [mem 0x36acc000-0x3755dfff]
[    0.000000] ACPI: Early table checksum verification disabled
[    0.000000] ACPI: RSDP 0x00000000000E0000 000024 (v02 VBOX  )
[    0.000000] ACPI: XSDT 0x000000003FFF0030 00003C (v01 VBOX   VBOXXSDT 00000001 ASL  00000061)
[    0.000000] ACPI: FACP 0x000000003FFF00F0 0000F4 (v04 VBOX   VBOXFACP 00000001 ASL  00000061)
[    0.000000] ACPI: DSDT 0x000000003FFF0470 00210F (v01 VBOX   VBOXBIOS 00000002 INTL 20100528)
[    0.000000] ACPI: FACS 0x000000003FFF0200 000040
[    0.000000] ACPI: FACS 0x000000003FFF0200 000040
[    0.000000] ACPI: APIC 0x000000003FFF0240 00005C (v02 VBOX   VBOXAPIC 00000001 ASL  00000061)
[    0.000000] ACPI: SSDT 0x000000003FFF02A0 0001CC (v01 VBOX   VBOXCPUT 00000002 INTL 20100528)
[    0.000000] No NUMA configuration found
[    0.000000] Faking a node at [mem 0x0000000000000000-0x000000003ffeffff]
[    0.000000] NODE_DATA(0 allocated [mem 0x3ffeb000-0x3ffeffff]
[    0.000000] kvm-clock: Using msrs 4b564d01 and 4b564d00
[    0.000000] kvm-clock: cpu 0, msr 0:3ffe3001, primary cpu clock
[    0.000000] kvm-clock: using sched offset of 3275406813 cycles
[    0.000000] clocksource: kvm-clock: mask: 0xffffffffffffffff max_cycles: 0x1cd42e4dffb, max_idle_ns: 881590591483 ns
[    0.000000] Zone ranges:
[    0.000000]   DMA      [mem 0x0000000000001000-0x0000000000ffffff]
[    0.000000]   DMA32    [mem 0x0000000001000000-0x000000003ffeffff]
[    0.000000]   Normal   empty
[    0.000000]   Device   empty
[    0.000000] Movable zone start for each node
[    0.000000] Early memory node ranges
[    0.000000]   node   0: [mem 0x0000000000001000-0x000000000009efff]
[    0.000000]   node   0: [mem 0x0000000000100000-0x000000003ffeffff]
[    0.000000] Initmem setup node 0 [mem 0x0000000000001000-0x000000003ffeffff]
[    0.000000] ACPI: PM-Timer IO Port: 0x4008
[    0.000000] IOAPIC[0]: apic_id 2, version 32, address 0xfec00000, GSI 0-23
[    0.000000] ACPI: INT_SRC_OVR (bus 0 bus_irq 0 global_irq 2 dfl dfl)
[    0.000000] ACPI: INT_SRC_OVR (bus 0 bus_irq 9 global_irq 9 high level)
[    0.00000] Using ACPI (MADT) for SMP configuration information
[    0.000000] smpboot: Allowing 2 CPUs, 0 hotplug CPUs
[    0.000000] PM: Registered nosave memory: [mem 0x00000000-0x00000fff]
[    0.000000] PM: Registered nosave memory: [mem 0x0009f000-0x0009ffff]
[    0.000000] PM: Registered nosave memory: [mem 0x000a0000-0x000effff]
[    0.000000] PM: Registered nosave memory: [mem 0x000f0000-0x000fffff]
[    0.000000] e820: [mem 0x40000000-0xfebfffff] available for PCI devices
[    0.000000] Booting paravirtualized kernel on KVM
[    0.000000] clocksource: refined-jiffies: mask: 0xffffffff max_cycles: 0xffffffff, max_idle_ns: 7645519600211568 ns
[    0.000000] setup_percpu: NR_CPUS:512 nr_cpumask_bits:512 nr_cpu_ids:2 nr_node_ids:1
[    0.000000] PERCPU: Embedded 33 pages/cpu @ffff88003fc00000 s98264 r8192 d28712 u1048576
[    0.000000] PV qspinlock hash table entries: 256 (order: 0, 4096 bytes)
[    0.000000] Built 1 zonelists in Node order, mobility grouping on.  Total pages: 257913
[    0.000000] Policy zone: DMA32
[    0.000000] Kernel command line: BOOT_IMAGE=/boot/vmlinuz-4.4.0-63-generic root=LABEL=cloudimg-rootfs ro console=tty1 console=ttyS0
[    0.000000] PID hash table entries: 4096 (order: 3, 32768 bytes)
[    0.000000] Memory: 1001752K/1048120K available (8452K kernel code, 1293K rwdata, 3980K rodata, 1488K init, 1316K bss, 46368K reserved, 0K cma-reserved)
[    0.000000] SLUB: HWalign=64, Order=0-3, MinObjects=0, CPUs=2, Nodes=1
[    0.000000] Hierarchical RCU implementation.
[    0.000000] 	Build-time adjustment of leaf fanout to 64.
[    0.000000] 	RCU restricting CPUs from NR_CPUS=512 to nr_cpu_ids=2.
[    0.000000] RCU: Adjusting geometry for rcu_fanout_leaf=64, nr_cpu_ids=2
[    0.000000] NR_IRQS:33024 nr_irqs:440 16
[    0.000000] Console: colour VGA+ 80x25
[    0.000000] console [tty1] enabled
[    0.000000] console [ttyS0] enabled
[    0.000000] tsc: Detected 3095.998 MHz processor
[   10.280098] Calibrating delay loop (skipped) preset value.. 6191.99 BogoMIPS (lpj=12383992)
[   10.476726] pid_max: default: 32768 minimum: 301
[   10.539604] ACPI: Core revision 20150930
[   10.641216] ACPI: 2 ACPI AML tables successfully acquired and loaded
[   10.781666] Security Framework initialized
[   10.892324] Yama: becoming mindful.
[   10.989826] AppArmor: AppArmor initialized
[   11.103254] Dentry cache hash table entries: 131072 (order: 8, 1048576 bytes)
[   11.306972] Inode-cache hash table entries: 65536 (order: 7, 524288 bytes)
[   11.506661] Mount-cache hash table entries: 2048 (order: 2, 16384 bytes)
[   11.629614] Mountpoint-cache hash table entries: 2048 (order: 2, 16384 bytes)
[   11.781942] Initializing cgroup subsys io
[   11.874009] Initializing cgroup subsys memory
[   11.965576] Initializing cgroup subsys devices
[   12.065763] Initializing cgroup subsys freezer
[   12.166013] Initializing cgroup subsys net_cls
[   12.266775] Initializing cgroup subsys perf_event
[   12.407123] Initializing cgroup subsys net_prio
[   12.508818] Initializing cgroup subsys hugetlb
[   12.606261] Initializing cgroup subsys pids
[   12.686372] CPU: Physical Processor ID: 0
[   12.714016] CPU: Processor Core ID: 0
[   12.742391] mce: CPU supports 0 MCE banks
[   12.792440] Last level iTLB entries: 4KB 64, 2MB 8, 4MB 8
[   12.847279] Last level dTLB entries: 4KB 64, 2MB 0, 4MB 0, 1GB 4
[   12.922465] Freeing SMP alternatives memory: 32K (ffffffff820b9000 - ffffffff820c1000)
[   12.982589] ftrace: allocating 32123 entries in 126 pages
[   13.087456] smpboot: APIC(0) Converting physical 0 to logical package 0
[   13.186061] smpboot: Max logical packages: 1
[   13.264490] x2apic enabled
[   13.329408] Switched APIC routing to physical x2apic.
[   13.386205] ..TIMER: vector=0x30 apic1=0 pin1=2 apic2=-1 pin2=-1
[   13.525859] smpboot: CPU0: Intel(R) Core(TM) i7-7920HQ CPU @ 3.10GHz (family: 0x6, model: 0x9e, stepping: 0x9)
[   13.599869] Performance Events: unsupported p6 CPU model 158 no PMU driver, software events only.
[   13.676707] KVM setup paravirtual spinlock
[   13.699780] x86: Booting SMP configuration:
[   13.730245] .... node  #0, CPUs:      #1
[   13.807881] kvm-clock: cpu 1, msr 0:3ffe3041, secondary cpu clock
[   13.887080] mce: CPU supports 0 MCE banks
[   13.926459] x86: Booted up 1 node, 2 CPUs
[   13.945753] smpboot: Total of 2 processors activated (12383.99 BogoMIPS)
[   14.030094] devtmpfs: initialized
[   14.061749] evm: security.selinux
[   14.077536] evm: security.SMACK64
[   14.097058] evm: security.SMACK64EXEC
[   14.163163] evm: security.SMACK64TRANSMUTE
[   14.244830] evm: security.SMACK64MMAP
[   14.295695] evm: security.ima
[   14.320743] evm: security.capability
[   14.360241] clocksource: jiffies: mask: 0xffffffff max_cycles: 0xffffffff, max_idle_ns: 7645041785100000 ns
[   14.455822] pinctrl core: initialized pinctrl subsystem
[   14.510399] RTC time: 20:15:35, date: 02/21/18
[   14.614040] NET: Registered protocol family 16
[   14.744989] cpuidle: using governor ladder
[   14.861734] cpuidle: using governor menu
[   14.953300] PCCT header not found.
[   15.018906] ACPI: bus type PCI registered
[   15.088079] acpiphp: ACPI Hot Plug PCI Controller Driver version: 0.5
[   15.197520] PCI: Using configuration type 1 for base access
[   15.332177] ACPI: Added _OSI(Module Device)
[   15.433238] ACPI: Added _OSI(Processor Device)
[   15.450388] ACPI: Added _OSI(3.0 _SCP Extensions)
[   15.461506] ACPI: Added _OSI(Processor Aggregator Device)
[   15.465310] ACPI: Executed 1 blocks of module-level executable AML code
[   15.489989] ACPI: Interpreter enabled
[   15.497400] ACPI: (supports S0 S5)
[   15.515217] ACPI: Using IOAPIC for interrupt routing
[   15.538647] PCI: Using host bridge windows from ACPI; if necessary, use "pci=nocrs" and report a bug
[   15.580534] ACPI: PCI Root Bridge [PCI0] (domain 0000 [bus 00-ff])
[   15.631787] acpi PNP0A03:00: _OSC: OS supports [ASPM ClockPM Segments MSI]
[   15.761206] acpi PNP0A03:00: _OSC failed (AE_NOT_FOUND); disabling ASPM
[   15.942553] acpi PNP0A03:00: fail to add MMCONFIG information, can't access extended PCI configuration space under this bridge.
[   16.244447] PCI host bridge to bus 0000:00
[   16.335361] pci_bus 0000:00: root bus resource [io  0x0000-0x0cf7 window]
[   16.526668] pci_bus 0000:00: root bus resource [io  0x0d00-0xffff window]
[   16.703328] pci_bus 0000:00: root bus resource [mem 0x000a0000-0x000bffff window]
[   16.889499] pci_bus 0000:00: root bus resource [mem 0x40000000-0xffdfffff window]
[   17.085603] pci_bus 0000:00: root bus resource [bus 00-ff]
[   17.232366] pci 0000:00:01.1: legacy IDE quirk: reg 0x10: [io  0x01f0-0x01f7]
[   17.374130] pci 0000:00:01.1: legacy IDE quirk: reg 0x14: [io  0x03f6]
[   17.482499] pci 0000:00:01.1: legacy IDE quirk: reg 0x18: [io  0x0170-0x0177]
[   17.626964] pci 0000:00:01.1: legacy IDE quirk: reg 0x1c: [io  0x0376]
[   17.781992] pci 0000:00:07.0: quirk: [io  0x4000-0x403f] claimed by PIIX4 ACPI
[   17.915950] pci 0000:00:07.0: quirk: [io  0x4100-0x410f] claimed by PIIX4 SMB
[   18.051356] ACPI: PCI Interrupt Link [LNKA] (IRQs 5 9 10 *11)
[   18.170340] ACPI: PCI Interrupt Link [LNKB] (IRQs 5 9 10 *11)
[   18.301479] ACPI: PCI Interrupt Link [LNKC] (IRQs 5 9 *10 11)
[   18.412205] ACPI: PCI Interrupt Link [LNKD] (IRQs 5 *9 10 11)
[   18.515213] ACPI: Enabled 2 GPEs in block 00 to 07
[   18.582916] vgaarb: setting as boot device: PCI:0000:00:02.0
[   18.704324] vgaarb: device added: PCI:0000:00:02.0,decodes=io+mem,owns=io+mem,locks=none
[   18.879671] vgaarb: loaded
[   18.933265] vgaarb: bridge control possible 0000:00:02.0
[   19.041909] SCSI subsystem initialized
[   19.118725] ACPI: bus type USB registered
[   19.184289] usbcore: registered new interface driver usbfs
[   19.289046] usbcore: registered new interface driver hub
[   19.401940] usbcore: registered new device driver usb
[   19.499456] PCI: Using ACPI for IRQ routing
[   19.607270] NetLabel: Initializing
[   19.653018] NetLabel:  domain hash size = 128
[   19.751345] NetLabel:  protocols = UNLABELED CIPSOv4
[   19.867299] NetLabel:  unlabeled traffic allowed by default
[   19.972606] amd_nb: Cannot enumerate AMD northbridges
[   20.100741] clocksource: Switched to clocksource kvm-clock
[   20.231083] AppArmor: AppArmor Filesystem Enabled
[   20.337411] pnp: PnP ACPI init
[   20.379956] pnp: PnP ACPI: found 3 devices
[   20.465225] clocksource: acpi_pm: mask: 0xffffff max_cycles: 0xffffff, max_idle_ns: 2085701024 ns
[   20.519254] NET: Registered protocol family 2
[   20.536107] TCP established hash table entries: 8192 (order: 4, 65536 bytes)
[   20.675121] TCP bind hash table entries: 8192 (order: 5, 131072 bytes)
[   20.793644] TCP: Hash tables configured (established 8192 bind 8192)
[   20.826482] UDP hash table entries: 512 (order: 2, 16384 bytes)
[   20.862601] UDP-Lite hash table entries: 512 (order: 2, 16384 bytes)
[   20.892000] NET: Registered protocol family 1
[   20.961714] pci 0000:00:00.0: Limiting direct PCI/PCI transfers
[   21.029751] pci 0000:00:01.0: Activating ISA DMA hang workarounds
[   21.210744] Trying to unpack rootfs image as initramfs...
[   23.366462] Freeing initrd memory: 10824K (ffff880036acc000 - ffff88003755e000)
[   23.535652] platform rtc_cmos: registered platform RTC device (no PNP device found)
[   23.721218] Scanning for low memory corruption every 60 seconds
[   23.905077] futex hash table entries: 512 (order: 3, 32768 bytes)
[   24.031761] audit: initializing netlink subsys (disabled)
[   24.196213] audit: type=2000 audit(1519244131.134:1): initialized
[   24.270746] Initialise system trusted keyring
[   24.292671] HugeTLB registered 2 MB page size, pre-allocated 0 pages
[   24.339270] zbud: loaded
[   24.392873] VFS: Disk quotas dquot_6.6.0
[   24.486660] VFS: Dquot-cache hash table entries: 512 (order 0, 4096 bytes)
[   24.489118] squashfs: version 4.0 (2009/01/31) Phillip Lougher
[   24.545170] fuse init (API version 7.23)
[   24.587584] Key type big_key registered
[   24.588930] Allocating IMA MOK and blacklist keyrings.
[   24.593025] Key type asymmetric registered
[   24.644502] Asymmetric key parser 'x509' registered
[   24.701206] Block layer SCSI generic (bsg) driver version 0.4 loaded (major 249)
[   24.781396] io scheduler noop registered
[   24.828417] io scheduler deadline registered (default)
[   24.928494] io scheduler cfq registered
[   24.954719] pci_hotplug: PCI Hot Plug PCI Core version: 0.5
[   25.031854] pciehp: PCI Express Hot Plug Controller Driver version: 0.4
[   25.061430] ACPI: AC Adapter [AC] (on-line)
[   25.112821] input: Power Button as /devices/LNXSYSTM:00/LNXPWRBN:00/input/input0
[   25.162143] ACPI: Power Button [PWRF]
[   25.197807] input: Sleep Button as /devices/LNXSYSTM:00/LNXSLPBN:00/input/input1
[   25.357011] ACPI: Sleep Button [SLPF]
[   25.398870] ACPI: Battery Slot [BAT0] (battery present)
[   25.442853] GHES: HEST is not enabled!
[   25.498323] Serial: 8250/16550 driver, 32 ports, IRQ sharing enabled
[   25.533867] tsc: Refined TSC clocksource calibration: 3094.664 MHz
[   25.533869] clocksource: tsc: mask: 0xffffffffffffffff max_cycles: 0x2c9b96bacf1, max_idle_ns: 440795213648 ns
ÿ[   26.054090] 00:02: ttyS0 at I/O 0x3f8 (irq = 4, base_baud = 115200) is a 16550A
[   26.257757] Linux agpgart interface v0.103
[   26.357539] brd: module loaded
[   26.446557] loop: module loaded
[   26.510489] scsi host0: ata_piix
[   26.538092] scsi host1: ata_piix
[   26.562997] ata1: PATA max UDMA/33 cmd 0x1f0 ctl 0x3f6 bmdma 0xd000 irq 14
[   26.665604] ata2: PATA max UDMA/33 cmd 0x170 ctl 0x376 bmdma 0xd008 irq 15
[   26.821221] libphy: Fixed MDIO Bus: probed
[   26.886236] tun: Universal TUN/TAP device driver, 1.6
[   26.923515] tun: (C) 1999-2004 Max Krasnyansky <maxk@qualcomm.com>
[   26.974125] PPP generic driver version 2.4.2
[   27.023820] ehci_hcd: USB 2.0 'Enhanced' Host Controller (EHCI) Driver
[   27.049894] ehci-pci: EHCI PCI platform driver
[   27.098375] ehci-platform: EHCI generic platform driver
[   27.144285] ohci_hcd: USB 1.1 'Open' Host Controller (OHCI) Driver
[   27.174515] ohci-pci: OHCI PCI platform driver
[   27.216464] ohci-platform: OHCI generic platform driver
[   27.275312] uhci_hcd: USB Universal Host Controller Interface driver
[   27.330681] i8042: PNP: PS/2 Controller [PNP0303:PS2K,PNP0f03:PS2M] at 0x60,0x64 irq 1,12
[   27.384275] serio: i8042 KBD port at 0x60,0x64 irq 1
[   27.407317] serio: i8042 AUX port at 0x60,0x64 irq 12
[   27.470625] mousedev: PS/2 mouse device common for all mice
[   27.487095] input: AT Translated Set 2 keyboard as /devices/platform/i8042/serio0/input/input2
[   27.563314] rtc_cmos rtc_cmos: rtc core: registered rtc_cmos as rtc0
[   27.620678] rtc_cmos rtc_cmos: alarms up to one day, 114 bytes nvram
[   27.668601] i2c /dev entries driver
[   27.695220] device-mapper: uevent: version 1.0.3
[   27.759813] device-mapper: ioctl: 4.34.0-ioctl (2015-10-28) initialised: dm-devel@redhat.com
[   27.813022] ledtrig-cpu: registered to indicate activity on CPUs
[   27.844952] NET: Registered protocol family 10
[   27.854477] NET: Registered protocol family 17
[   27.863559] Key type dns_resolver registered
[   27.878857] microcode: CPU0 sig=0x906e9, pf=0x8, revision=0x0
[   27.957636] microcode: CPU1 sig=0x906e9, pf=0x8, revision=0x0
[   27.981793] microcode: Microcode Update Driver: v2.01 <tigran@aivazian.fsnet.co.uk>, Peter Oruba
[   28.017353] registered taskstats version 1
[   28.043950] Loading compiled-in X.509 certificates
[   28.062132] Loaded X.509 cert 'Build time autogenerated kernel key: beffa02bbaf0ae668249eb9711270ede1f919f97'
[   28.226286] zswap: loaded using pool lzo/zbud
[   28.280791] Key type trusted registered
[   28.322487] Key type encrypted registered
[   28.381498] AppArmor: AppArmor sha1 policy hashing enabled
[   28.487611] ima: No TPM chip found, activating TPM-bypass!
[   28.575916] evm: HMAC attrs: 0x1
[   28.581550]   Magic number: 6:395:296
[   28.631827] tty tty29: hash matches
[   28.656647] rtc_cmos rtc_cmos: setting system clock to 2018-02-21 20:15:49 UTC (1519244149)
[   28.762596] BIOS EDD facility v0.16 2004-Jun-25, 0 devices found
[   28.784135] EDD information not available.
[   28.807844] Freeing unused kernel memory: 1488K (ffffffff81f45000 - ffffffff820b9000)
[   28.840259] Write protecting the kernel read-only data: 14336k
[   28.865480] Freeing unused kernel memory: 1776K (ffff880001844000 - ffff880001a00000)
[   28.876550] Freeing unused kernel memory: 116K (ffff880001de3000 - ffff880001e00000)
Loading, please [   28.948004] random: systemd-udevd: uninitialized urandom read (16 bytes read, 7 bits of entropy available)
wait...
startin[   28.948497] random: udevadm: uninitialized urandom read (16 bytes read, 7 bits of entropy available)
g version 229
[   28.948526] random: udevadm: uninitialized urandom read (16 bytes read, 7 bits of entropy available)
[   28.948616] random: udevadm: uninitialized urandom read (16 bytes read, 7 bits of entropy available)
[   28.948650] random: udevadm: uninitialized urandom read (16 bytes read, 7 bits of entropy available)
[   28.948681] random: udevadm: uninitialized urandom read (16 bytes read, 7 bits of entropy available)
[   28.948713] random: udevadm: uninitialized urandom read (16 bytes read, 7 bits of entropy available)
[   28.948744] random: udevadm: uninitialized urandom read (16 bytes read, 7 bits of entropy available)
[   28.948772] random: udevadm: uninitialized urandom read (16 bytes read, 7 bits of entropy available)
[   28.948805] random: udevadm: uninitialized urandom read (16 bytes read, 7 bits of entropy available)
[   30.565009] e1000: Intel(R) PRO/1000 Network Driver - version 7.3.21-k8-NAPI
[   30.760678] e1000: Copyright (c) 1999-2006 Intel Corporation.
[   30.922166] Fusion MPT base driver 3.04.20
[   31.016658] Copyright (c) 1999-2008 LSI Corporation
[   31.087494] Fusion MPT SPI Host driver 3.04.20
[   31.132746] mptbase: ioc0: Initiating bringup
[   31.190869] AVX version of gcm_enc/dec engaged.
[   31.241211] ioc0: LSI53C1030 A0: Capabilities={Initiator}
[   31.420131] AES CTR mode by8 optimization enabled
[   31.550268] scsi host2: ioc0: LSI53C1030 A0, FwRev=00000000h, Ports=1, MaxQ=256, IRQ=20
[   31.764608] input: ImExPS/2 Generic Explorer Mouse as /devices/platform/i8042/serio1/input/input4
[   32.092699] scsi 2:0:0:0: Direct-Access     VBOX     HARDDISK         1.0  PQ: 0 ANSI: 5
[   32.222188] scsi target2:0:0: Beginning Domain Validation
[   32.265127] scsi target2:0:0: Domain Validation skipping write tests
[   32.314370] scsi target2:0:0: Ending Domain Validation
[   32.390124] scsi target2:0:0: asynchronous
[   32.427556] scsi 2:0:1:0: Direct-Access     VBOX     HARDDISK         1.0  PQ: 0 ANSI: 5
[   32.514820] e1000 0000:00:03.0 eth0: (PCI:33MHz:32-bit) 02:fc:63:6b:bb:90
[   32.514826] e1000 0000:00:03.0 eth0: Intel(R) PRO/1000 Network Connection
[   32.842461] scsi target2:0:1: Beginning Domain Validation
[   32.842992] e1000 0000:00:03.0 enp0s3: renamed from eth0
[   33.097788] scsi target2:0:1: Domain Validation skipping write tests
[   33.205274] scsi target2:0:1: Ending Domain Validation
[   33.335767] scsi target2:0:1: asynchronous
[   33.415908] sd 2:0:0:0: Attached scsi generic sg0 type 0
[   33.488649] sd 2:0:0:0: [sda] 20971520 512-byte logical blocks: (10.7 GB/10.0 GiB)
[   33.667406] sd 2:0:0:0: [sda] Write Protect is off
[   33.773747] sd 2:0:1:0: [sdb] 20480 512-byte logical blocks: (10.5 MB/10.0 MiB)
[   33.773773] sd 2:0:1:0: Attached scsi generic sg1 type 0
[   33.774043] sd 2:0:0:0: [sda] Incomplete mode parameter data
[   33.774044] sd 2:0:0:0: [sda] Assuming drive cache: write through
[   33.907000]  sda: sda1
[   33.907822] sd 2:0:0:0: [sda] Attached SCSI disk
[   33.924833] floppy0: no floppy controllers found
[   33.924876] work still pending
[   34.490733] sd 2:0:1:0: [sdb] Write Protect is off
[   34.578964] sd 2:0:1:0: [sdb] Incomplete mode parameter data
[   34.662616] sd 2:0:1:0: [sdb] Assuming drive cache: write through
[   34.816512] sd 2:0:1:0: [sdb] Attached SCSI disk
Begin: Loading e[   36.295026] md: linear personality registered for level -1
ssential drivers[   36.387137] md: multipath personality registered for level -4
 ... [   36.556666] md: raid0 personality registered for level 0
[   36.668464] md: raid1 personality registered for level 1
[   36.833001] raid6: sse2x1   gen()  6727 MB/s
[   36.932855] raid6: sse2x1   xor()  4837 MB/s
[   37.109048] raid6: sse2x2   gen() 10148 MB/s
[   37.296124] raid6: sse2x2   xor()  7546 MB/s
[   37.468881] raid6: sse2x4   gen() 11764 MB/s
[   37.693146] raid6: sse2x4   xor()  8024 MB/s
[   37.751676] raid6: using algorithm sse2x4 gen() 11764 MB/s
[   37.791474] raid6: .... xor() 8024 MB/s, rmw enabled
[   37.846361] raid6: using ssse3x2 recovery algorithm
[   37.872659] xor: automatically using best checksumming function:
[   38.032817]    avx       : 15947.000 MB/sec
[   38.100518] async_tx: api initialized (async)
[   38.174586] md: raid6 personality registered for level 6
[   38.253715] md: raid5 personality registered for level 5
[   38.298660] md: raid4 personality registered for level 4
[   38.401075] md: raid10 personality registered for level 10
done.
Begin: Running /scripts/init-premount ... done[   38.488978] Btrfs loaded
.
Begin: Mounting root file system ... Begin: R[   38.600702] EXT4-fs (sda1): mounted filesystem with ordered data mode. Opts: (null)
unning /scripts/local-top ... done.
Begin: Running /scripts/local-premount ... Scanning for Btrfs filesystems
done.
Warning: fsck not present, so skipping root file system
done.
Begin: Running /scripts/local-bottom ... done.
Begin: Running /scripts/init-bottom ... done.
[   39.020810] systemd[1]: systemd 229 running in system mode. (+PAM +AUDIT +SELINUX +IMA +APPARMOR +SMACK +SYSVINIT +UTMP +LIBCRYPTSETUP +GCRYPT +GNUTLS +ACL +XZ -LZ4 +SECCOMP +BLKID +ELFUTILS +KMOD -IDN)
[   39.186602] systemd[1]: Detected virtualization oracle.
[   39.283185] systemd[1]: Detected architecture x86-64.

Welcome to [1mUbuntu 16.04.2 LTS[0m!

[   39.453810] systemd[1]: Set hostname to <ubuntu>.
[   39.515387] systemd[1]: Initializing machine ID from random generator.
[   39.609068] systemd[1]: Installed transient /etc/machine-id file.
[   39.807806] random: nonblocking pool is initialized
[   39.889899] systemd[1]: Set up automount Arbitrary Executable File Formats File System Automount Point.
[[0;32m  OK  [0m] Set up automount Arbitrary Executab...ats File System Automount Point.
[   40.141495] systemd[1]: Created slice System Slice.
[[0;32m  OK  [0m] Created slice System Slice.
[   40.248122] systemd[1]: Created slice system-serial\x2dgetty.slice.
[[0;32m  OK  [0m] Created slice system-serial\x2dgetty.slice.
[   40.323048] systemd[1]: Listening on Journal Socket (/dev/log).
[[0;32m  OK  [0m] Listening on Journal Socket (/dev/log).
[   40.470033] systemd[1]: Listening on Journal Audit Socket.
[[0;32m  OK  [0m] Listening on Journal Audit Socket.
[   40.633574] systemd[1]: Listening on Device-mapper event daemon FIFOs.
[[0;32m  OK  [0m] Listening on Device-mapper event daemon FIFOs.
[   40.801353] systemd[1]: Reached target Swap.
[[0;32m  OK  [0m] Reached target Swap.
[   40.917433] systemd[1]: Listening on /dev/initctl Compatibility Named Pipe.
[[0;32m  OK  [0m] Listening on /dev/initctl Compatibility Named Pipe.
[   41.141266] systemd[1]: Reached target Encrypted Volumes.
[[0;32m  OK  [0m] Reached target Encrypted Volumes.
[   41.281560] systemd[1]: Listening on Journal Socket.
[[0;32m  OK  [0m] Listening on Journal Socket.
[   41.389064] systemd[1]: Starting Nameserver information manager...
         Starting Nameserver information manager...
[   41.465128] systemd[1]: Starting Remount Root and Kernel File Systems...
[   41.470009] EXT4-fs (sda1): re-mounted. Opts: (null)
         Starting Remount Root and Kernel File Systems...
[   41.701034] systemd[1]: Mounting POSIX Message Queue File System...
         Mounting POSIX Message Queue File System...
[   41.953188] systemd[1]: Starting Create list of required static device nodes for the current kernel...
         Starting Create list of required st... nodes for the current kernel...
[   42.225570] systemd[1]: Reached target User and Group Name Lookups.
[[0;32m  OK  [0m] Reached target User and Group Name Lookups.
[   42.368710] systemd[1]: Started Forward Password Requests to Wall Directory Watch.
[[0;32m  OK  [0m] Started Forward Password Requests to Wall Directory Watch.
[   42.577356] systemd[1]: Mounting Huge Pages File System...
         Mounting Huge Pages File System...
[   42.673135] systemd[1]: Starting Set console keymap...
         Starting Set console keymap...
[   42.805355] systemd[1]: Listening on udev Control Socket.
[[0;32m  OK  [0m] Listening on udev Control Socket.
[   42.893538] systemd[1]: Created slice User and Session Slice.
[[0;32m  OK  [0m] Created slice User and Session Slice.
[   43.021292] systemd[1]: Reached target Slices.
[[0;32m  OK  [0m] Reached target Slices.
[   43.137344] systemd[1]: Listening on LVM2 metadata daemon socket.
[[0;32m  OK  [0m] Listening on LVM2 metadata daemon socket.
[   43.221129] systemd[1]: Starting Monitoring of LVM2 mirrors, snapshots etc. using dmeventd or progress polling...
         Starting Monitoring of LVM2 mirrors... dmeventd or progress polling...
[   43.376965] systemd[1]: Mounting Debug File System...
         Mounting Debug File System...
[   43.453589] systemd[1]: Listening on Syslog Socket.
[[0;32m  OK  [0m] Listening on Syslog Socket.
[   43.532572] systemd[1]: Listening on udev Kernel Socket.
[[0;32m  OK  [0m] Listening on udev Kernel Socket.
[   43.637138] systemd[1]: Starting Uncomplicated firewall...
         Starting Uncomplicated firewall...
[   43.699613] systemd[1]: Listening on LVM2 poll daemon socket.
[[0;32m  OK  [0m] Listening on LVM2 poll daemon socket.
[   43.777344] systemd[1]: Starting Journal Service...
         Starting Journal Service...
[   43.897426] systemd[1]: Starting Load Kernel Modules...
[   43.987866] Loading iSCSI transport class v2.0-870.
         Startin[   44.129085] iscsi: registered transport (tcp)
g Load Kernel Modules...
[   44.265733] iscsi: registered transport (iser)
[   44.394103] systemd[1]: Mounted Debug File System.
[[0;32m  OK  [0m] Mounted Debug File System.
[   44.477290] systemd[1]: Mounted POSIX Message Queue File System.
[[0;32m  OK  [0m] Mounted POSIX Message Queue File System.
[   44.721655] systemd[1]: Mounted Huge Pages File System.
[[0;32m  OK  [0m] Mounted Huge Pages File System.
[   44.901425] systemd[1]: Started Journal Service.
[[0;32m  OK  [0m] Started Journal Service.
[[0;32m  OK  [0m] Started Remount Root and Kernel File Systems.
[[0;32m  OK  [0m] Started Create list of required sta...ce nodes for the current kernel.
[[0;32m  OK  [0m] Started Set console keymap.
[[0;32m  OK  [0m] Started Uncomplicated firewall.
[[0;32m  OK  [0m] Started Load Kernel Modules.
[[0;32m  OK  [0m] Started Nameserver information manager.
[[0;32m  OK  [0m] Started LVM2 metadata daemon.
         Mounting FUSE Control File System...
         Starting Apply Kernel Variables...
         Starting Create Static Device Nodes in /dev...
         Starting udev Coldplug all Devices...
         Starting Initial cloud-init job (pre-networking)...
         Starting Load/Save Random Seed...
         Starting Flush Journal to Persistent Storage...
[[0;32m  OK  [0m] Mounted FUSE Control File System.
[[0;32m  OK  [0m] Started Monitoring of LVM2 mirrors,...ng dmeventd or progress polling.
[[0;32m  OK  [0m] Started Apply Kernel Variables.
[[0;32m  OK  [0m] Started Create Static Device Nodes in /dev.
[[0;32m  OK  [0m] Started Load/Save Random Seed.
[[0;32m  OK  [0m] Started udev Coldplug all Devices.
[[0;32m  OK  [0m] Started Flush Journal to Persistent Storage.
         Starting udev Kernel Device Manager...
[[0;32m  OK  [0m] Started udev Kernel Device Manager.
[[0;32m  OK  [0m] Reached target Local File Systems (Pre).
[[0;32m  OK  [0m] Reached target Local File Systems.
         Starting Commit a transient machine-id on disk...
         Starting Tell Plymouth To Write Out Runtime Data...
         Starting Create Volatile Files and Directories...
         Starting Set console font and keymap...
[   27.467225] cloud-init[476]: Cloud-init v. 0.7.8 running 'init-local' at Wed, 21 Feb 2018 20:16:07 +0000. Up 27.01 seconds.
         Starting LSB: AppArmor initialization...
[[0;32m  OK  [0m] Started Dispatch Password Requests to Console Directory Watch.
[[0;32m  OK  [0m] Started Commit a transient machine-id on disk.
[[0;32m  OK  [0m] Started Tell Plymouth To Write Out Runtime Data.
[[0;32m  OK  [0m] Started Create Volatile Files and Directories.
[[0;32m  OK  [0m] Started Set console font and keymap.
[[0;32m  OK  [0m] Started Initial cloud-init job (pre-networking).
[[0;32m  OK  [0m] Found device /dev/ttyS0.
[[0;32m  OK  [0m] Listening on Load/Save RF Kill Switch Status /dev/rfkill Watch.
[[0;32m  OK  [0m] Reached target Network (Pre).
[[0;32m  OK  [0m] Created slice system-getty.slice.
[[0;32m  OK  [0m] Reached target System Time Synchronized.
         Starting Update UTMP about System Boot/Shutdown...
[[0;32m  OK  [0m] Started Update UTMP about System Boot/Shutdown.
[[0;32m  OK  [0m] Started LSB: AppArmor initialization.
         Starting Raise network interfaces...
[[0;32m  OK  [0m] Started Raise network interfaces.
[[0;32m  OK  [0m] Reached target Network.
         Starting Initial cloud-init job (metadata service crawler)...
[   31.867902] cloud-init[1031]: Cloud-init v. 0.7.8 running 'init' at Wed, 21 Feb 2018 20:16:11 +0000. Up 30.85 seconds.
[[0;32m  OK  [0m] Started Initial cloud-init job (metadata service crawler).
[   31.987541] cloud-init[1031]: ci-info: +++++++++++++++++++++++++++++++++++++Net device info++++++++++++++++++++++++++++++++++++++
[   32.156934] cloud-init[1031]: ci-info: +--------+------+----------------------------+---------------+-------+-------------------+
[   32.272828] cloud-init[1031]: ci-info: | Device |  Up  |          Address           |      Mask     | Scope |     Hw-Address    |
[[0;32m  OK  [0m] Reached target Cloud-config availability.
[[0;32m  OK  [0m] Reached target Network is Online.
[   32.392367] cloud-init[1031]: ci-info: +--------+------+----------------------------+---------------+-------+-------------------+
[   32.592575] cloud-init[1031]: ci-info: | enp0s3 | True |         10.0.2.15          | 255.255.255.0 |   .   | 02:fc:63:6b:bb:90 |
         Starting iSCSI initiator daemon (iscsid)...
[[0;32m  OK  [0m] Reached target System Initialization.
[   32.721370] cloud-init[1031]: ci-info: | enp0s3 | True | fe80::fc:63ff:fe6b:bb90/64 |       .       |  link | 02:fc:63:6b:bb:90 |
[   32.972470] cloud-init[1031]: ci-info: |   lo   | True |         127.0.0.1          |   255.0.0.0   |   .   |         .         |
         Starting LXD - unix socket.
[   33.084164] cloud-init[1031]: ci-info: |   lo   | True |          ::1/128           |       .       |  host |         .         |
[   33.113674] cloud-init[1031]: ci-info: +--------+------+----------------------------+---------------+-------+-------------------+
         Starting Socket activation for snappy daemon.
[   33.114189] cloud-init[1031]: ci-info: +++++++++++++++++++++++++++Route IPv4 info++++++++++++++++++++++++++++
[   33.376175] cloud-init[1031]: ci-info: +-------+-------------+----------+---------------+-----------+-------+
[[0;32m  OK  [0m] Listening on D-Bus System Message Bus Socket.
[[0;32m  OK  [0m[   33.376664] cloud-init[1031]: ci-info: | Route | Destination | Gateway  |    Genmask    | Interface | Flags |
] Listening on ACPID Listen Socket.
[   33.608205] cloud-init[1031]: ci-info: +-------+-------------+----------+---------------+-----------+-------+
[   33.761718] cloud-init[1031]: ci-info: |   0   |   0.0.0.0   | 10.0.2.2 |    0.0.0.0    |   enp0s3  |   UG  |
[[0;32m  OK  [0m] Listening on UUID daemon activation socket.
[   33.761989] cloud-init[1031]: ci-info: |   1   |   10.0.2.0  | 0.0.0.0  | 255.255.255.0 |   enp0s3  |   U   |
[   34.112682] cloud-init[1031]: ci-info: +-------+-------------+----------+---------------+-----------+-------+
[   34.113734] cloud-init[1031]: Generating public/private rsa key pair.
[[0;32m  OK  [0m] Started ACPI Events Check.
[[   34.113889] cloud-init[1031]: Your identification has been saved in /etc/ssh/ssh_host_rsa_key.
[   34.317263] cloud-init[1031]: Your public key has been saved in /etc/ssh/ssh_host_rsa_key.pub.
[0;32m  OK  [0m] Started Timer to automatically refresh installed snaps.
[   34.317457] cloud-init[1031]: The key fingerprint is:
[   34.541444] cloud-init[1031]: SHA256:iiQgXjQfRu929TWsjS+V33x1sJuZfNCV8dnFggDsLgE root@ubuntu-xenial
[   34.541790] cloud-init[1031]: The key's randomart image is:
[[0;32m  OK  [0m] Started Daily Cleanup of Temporary Directories.
[   34.541825] cloud-init[1031]: +---[RSA 2048]----+
[   34.761387] cloud-init[1031]: |   o.+ ..... . o.|
[[0;32m  OK  [0m] Started Daily apt activities.
[   34.761744] cloud-init[1031]: |  . E o .   . o O|
[   34.877671] cloud-init[1031]: |o  . o o   .  .B+|
[[0;32m  OK  [0m] Reached target Timers.
[[   34.878286] cloud-init[1031]: |o..   o . . . =++|
[   35.013564] cloud-init[1031]: | .. .  =S.   +o++|
[0;32m  OK  [0m] Started Trigger resolvconf update for networkd DNS.
[[   35.013866] cloud-init[1031]: |   o .o.o    .oB=|
[   35.165634] cloud-init[1031]: |    . ..     .*.*|
[0;32m  OK  [0m] Reached target Paths.
[   35.165844] cloud-init[1031]: |              ...|
[   35.364968] cloud-init[1031]: |                 |
[   35.365447] cloud-init[1031]: +----[SHA256]-----+
[[0;32m  OK  [0m] Listening on LXD - unix socket.
[   35.365660] cloud-init[1031]: Generating public/private dsa key pair.
[   35.600601] cloud-init[1031]: Your identification has been saved in /etc/ssh/ssh_host_dsa_key.
[   35.601106] cloud-init[1031]: Your public key has been saved in /etc/ssh/ssh_host_dsa_key.pub.
[[0;32m  OK  [0m] Listening on Socket activation for snappy daemon.
[   35.601479] cloud-init[1031]: The key fingerprint is:
[   35.825370] cloud-init[1031]: SHA256:6AtqK4KPVw+6HbzhNLI6fFNQ5o9EV3CFcNgJf0T8NYs root@ubuntu-xenial
[[0;32m  OK  [0m] Started iSCSI initiator daemon (iscsid).
[   35.825605] cloud-init[1031]: The key's randomart image is:
[   36.036564] cloud-init[1031]: +---[DSA 1024]----+
[   36.037220] cloud-init[1031]: |       +B+*+     |
         Starting Login to default iSCSI targets...
[[   36.037462] cloud-init[1031]: |     + o++..   o |
[   36.156604] cloud-init[1031]: |    = .  . .. o o|
[0;32m  OK  [0m] Reached target Sockets.
[   36.156923] cloud-init[1031]: |   . o .  .  E . |
[[0;32m  OK  [0m] Reached target Basic System.
[   36.273282] cloud-init[1031]: |    o + S        |
[   36.396550] cloud-init[1031]: |   .o+ .         |
[   36.397097] cloud-init[1031]: |o .oOo.          |
[[0;32m  OK  [0m] Started FUSE filesystem for LXC.
[   36.397516] cloud-init[1031]: |=o+X *..         |
[   36.560640] cloud-init[1031]: |+BBo= .          |
[   36.561502] cloud-init[1031]: +----[SHA256]-----+
[[0;32m  OK  [0m] Started Regular background program processing daemon.
[   36.561666] cloud-init[1031]: Generating public/private ecdsa key pair.
[   36.692411] cloud-init[1031]: Your identification has been saved in /etc/ssh/ssh_host_ecdsa_key.
[   36.692794] cloud-init[1031]: Your public key has been saved in /etc/ssh/ssh_host_ecdsa_key.pub.
         Starting LXD - container startup/shutdown...
[   36.693051] cloud-init[1031]: The key fingerprint is:
[   36.960509] cloud-init[1031]: SHA256:vBcDiDqrqEUJz4EBKbV+DU3KmFxYI7PWgZyvVdCENCI root@ubuntu-xenial
[   36.961312] cloud-init[1031]: The key's randomart image is:
         Starting LSB: MD monitoring daemon...
[   36.961699] cloud-init[1031]: +---[ECDSA 256]---+
[   37.156727] cloud-init[1031]: |E+=*O=o          |
[   37.157232] cloud-init[1031]: |o==%.Oo.         |
[[0;32m  OK  [0m] Started Deferred execution scheduler.
[   37.157475] cloud-init[1031]: |+ O.*.o .        |
[   37.344720] cloud-init[1031]: | * +oo . .       |
[   37.345409] cloud-init[1031]: |  Oo. . S o      |
         Starting Pollinate to seed the pseudo random number generator...
[   37.345714] cloud-init[1031]: | ..+     . o     |
[   37.512463] cloud-init[1031]: |  o     . .      |
[   37.512933] cloud-init[1031]: |.o       .       |
[   37.513217] cloud-init[1031]: |=                |
[[0;32m  OK  [0m] Started D-Bus System Message Bus.
[   37.513254] cloud-init[1031]: +----[SHA256]-----+
[   37.768866] cloud-init[1031]: Generating public/private ed25519 key pair.
[   37.769299] cloud-init[1031]: Your identification has been saved in /etc/ssh/ssh_host_ed25519_key.
         Starting Apply the settings specified in cloud-config...
[   37.769522] cloud-init[1031]: Your public key has been saved in /etc/ssh/ssh_host_ed25519_key.pub.
[   38.084428] cloud-init[1031]: The key fingerprint is:
[   38.084780] cloud-init[1031]: SHA256:mMFFXDMWl2wCBzgevzZ9FI52hDhItn/J97RCyig8Zqc root@ubuntu-xenial
         Starting System Logging Service...
[   38.084969] cloud-init[1031]: The key's randomart image is:
[   38.276565] cloud-init[1031]: +--[ED25519 256]--+
[   38.276935] cloud-init[1031]: |     .o===B+..   |
[[0;32m  OK  [0m] Started Snappy daemon.
[   38.277388] cloud-init[1031]: |     o=o+oo+*    |
         [   38.480720] Starting Auto import assertions from block devices...cloud-init
[1031]: |     .++ . * .   |
[   38.628728] cloud-init[1031]: |      .=..o.+    |
[   38.629255] cloud-init[1031]: |      o S++oo .  |
[[0;32m  OK  [0m] Started ACPI event daemon.
[   38.629565] cloud-init[1031]: |     .  ++.+.o . |
[   38.880524] cloud-init[1031]: |      *.o.o.. o  |
[   38.881136] cloud-init[1031]: |     o =     .   |
         Starting /etc/rc.local Compatibility...
[   38.881708] cloud-init[1031]: |      E          |
[   39.064781] cloud-init[1031]: +----[SHA256]-----+
         Starting Accounts Service...
[   39.069323] cloud-init[1189]: Generating locales (this might take a while)...
[   39.168912] cloud-init[1189]:   en_US.UTF-8... done
[   39.169354] cloud-init[1189]: Generation complete.
         Starting Login Service...
         Starting LSB: Record successful boot for GRUB...
[[0;32m  OK  [0m] Started System Logging Service.
[[0;32m  OK  [0m] Started LXD - container startup/shutdown.
[[0;32m  OK  [0m] Started Pollinate to seed the pseudo random number generator.
[[0;32m  OK  [0m] Started Auto import assertions from block devices.
[[0;32m  OK  [0m] Started /etc/rc.local Compatibility.
[[0;32m  OK  [0m] Started Login to default iSCSI targets.
[[0;32m  OK  [0m] Started LSB: MD monitoring daemon.
[[0;32m  OK  [0m] Started LSB: Record successful boot for GRUB.
[[0;32m  OK  [0m] Started Login Service.
         Starting Authenticate and Authorize Users to Run Privileged Tasks...
[[0;32m  OK  [0m] Reached target Remote File Systems (Pre).
[[0;32m  OK  [0m] Reached target Remote File Systems.
         Starting LSB: VirtualBox Linux Additions...
         Starting Permit User Sessions...
         Starting LSB: daemon to balance interrupts for SMP systems...
         Starting LSB: automatic crash report generation...
         Starting LSB: Set the CPU Frequency Scaling governor to "ondemand"...
[[0;32m  OK  [0m] Stopped OpenBSD Secure Shell server.
         Starting OpenBSD Secure Shell server...
[[0;32m  OK  [0m] Started OpenBSD Secure Shell server.
[[0;32m  OK  [0m] Started Permit User Sessions.
[[0;32m  OK  [0m] Started Authenticate and Authorize Users to Run Privileged Tasks.
[[0;32m  OK  [0m] Started Accounts Service.
[[0;32m  OK  [0m] Created slice User Slice of ubuntu.
         Starting User Manager for UID 1000...
[[0;32m  OK  [0m] Started Session 1 of user ubuntu.
[   40.807075] cloud-init[1189]: Cloud-init v. 0.7.8 running 'modules:config' at Wed, 21 Feb 2018 20:16:18 +0000. Up 38.03 seconds.
         Starting Hold until boot process finishes up...
         Starting Terminate Plymouth Boot Screen...
[[0;32m  OK  [0m] Started User Manager for UID 1000.
[[0;32m  OK  [0m] Started Apply the settings specified in cloud-config.
[[0;32m  OK  [0m] Started LSB: VirtualBox Linux Additions.
[[0;32m  OK  [0m] Started LSB: daemon to balance interrupts for SMP systems.
[[0;32m  OK  [0m] Started LSB: automatic crash report generation.
[[0;32m  OK  [0m] Started LSB: Set the CPU Frequency Scaling governor to "ondemand".
[[0;32m  OK  [0m] Started Hold until boot process finishes up.
[[0;32m  OK  [0m] Started Terminate Plymouth Boot Screen.
[[0;32m  OK  [0m] Started Getty on tty1.
         Starting Set console scheme...
[[0;32m  OK  [0m] Started Serial Getty on ttyS0.
[[0;32m  OK  [0m] Reached target Login Prompts.
[[0;32m  OK  [0m] Reached target Multi-User System.
[[0;32m  OK  [0m] Reached target Graphical Interface.
         Starting Update UTMP about System Runlevel Changes...
         Starting Execute cloud user/final scripts...
[[0;32m  OK  [0m] Started Set console scheme.
[[0;32m  OK  [0m] Started Update UTMP about System Runlevel Changes.
ci-info: no authorized ssh keys fingerprints found for user ubuntu.
<14>Feb 21 20:16:22 ec2: 
<14>Feb 21 20:16:22 ec2: #############################################################
<14>Feb 21 20:16:22 ec2: -----BEGIN SSH HOST KEY FINGERPRINTS-----
<14>Feb 21 20:16:22 ec2: 1024 SHA256:6AtqK4KPVw+6HbzhNLI6fFNQ5o9EV3CFcNgJf0T8NYs root@ubuntu-xenial (DSA)
<14>Feb 21 20:16:22 ec2: 256 SHA256:vBcDiDqrqEUJz4EBKbV+DU3KmFxYI7PWgZyvVdCENCI root@ubuntu-xenial (ECDSA)
<14>Feb 21 20:16:22 ec2: 256 SHA256:mMFFXDMWl2wCBzgevzZ9FI52hDhItn/J97RCyig8Zqc root@ubuntu-xenial (ED25519)
<14>Feb 21 20:16:22 ec2: 2048 SHA256:iiQgXjQfRu929TWsjS+V33x1sJuZfNCV8dnFggDsLgE root@ubuntu-xenial (RSA)
<14>Feb 21 20:16:22 ec2: -----END SSH HOST KEY FINGERPRINTS-----
<14>Feb 21 20:16:22 ec2: #############################################################
-----BEGIN SSH HOST KEY KEYS-----
ecdsa-sha2-nistp256 AAAAE2VjZHNhLXNoYTItbmlzdHAyNTYAAAAIbmlzdHAyNTYAAABBBLWBL0GWANuOt5mNO8AcXEu442MPSUQQARAa4ChCtTtspaFH2h5KCDtWUEotBRiqniHPc9SmSSiEWjh/0lHoyWU= root@ubuntu-xenial
ssh-ed25519 AAAAC3NzaC1lZDI1NTE5AAAAIFsYCDw6qzAzvYQV6UtsL+VDjvjtsYdgHiOXKknYNatK root@ubuntu-xenial
ssh-rsa AAAAB3NzaC1yc2EAAAADAQABAAABAQCXU25tWeJl1VTxf8WGIU+c0rYwSjMZdzO83LcLQTILBR5urKhbmvZQDBnKfdrDnQtCyER2khP0tMUG9iPb2qfONq6LPCHOKksFmkAfne5BJ770tQ+z1aZRtnTfQST93VNW+MlqjQ8l+mPjwDiYnS/A4L56OHWZALGp0z40/qW5UMS4H5bth5l9PHA3OfWPCdqjZXWcKSJVmc+DyTMEq4y4azqHu+VRg3dHY5wvMVwRTCSC2diuynK5NMFfGPIYSH39cJstRUVmPRAaGghGTJE70OgGi70Xyt760Ha2Kzhxkc4+j3fQ8XcMmVNay27x5D/GLI84r+cgm3XwSuDLNza/ root@ubuntu-xenial
-----END SSH HOST KEY KEYS-----
[   43.628806] cloud-init[1401]: Cloud-init v. 0.7.8 running 'modules:final' at Wed, 21 Feb 2018 20:16:22 +0000. Up 42.30 seconds.
[   43.748515] cloud-init[1401]: ci-info: no authorized ssh keys fingerprints found for user ubuntu.
[   43.840612] cloud-init[1401]: Cloud-init v. 0.7.8 finished at Wed, 21 Feb 2018 20:16:23 +0000. Datasource DataSourceNoCloud [seed=/dev/sdb][dsmode=net].  Up 43.61 seconds
[[0;32m  OK  [0m] Started Execute cloud user/final scripts.
[[0;32m  OK  [0m] Started Session 2 of user ubuntu.
[[0;32m  OK  [0m] Reached target Cloud-init target.

Ubuntu 16.04.2 LTS ubuntu-xenial ttyS0

ubuntu-xenial login: 